********************************************************************************
DUPLICATOR-LITE PACKAGE-LOG: October 7, 2021 4:03 pm
NOTICE: Do NOT post to public sites or forums 
********************************************************************************
VERSION:	1.4.3
WORDPRESS:	5.8.1
PHP INFO:	7.4.21 | SAPI: apache2handler
SERVER:		Apache/2.4.46 (Unix) OpenSSL/1.0.2u PHP/7.4.21 mod_wsgi/3.5 Python/2.7.13 mod_fastcgi/mod_fastcgi-SNAP-0910052141 mod_perl/2.0.11 Perl/v5.30.1 
PHP TIME LIMIT: (0) no time limit imposed 
PHP MAX MEMORY: 4294967296 (128M default) 
MEMORY STACK: 22MB
[CTRL DUP ARCIVE] PACKAGE AS NEW ID 4 SAVED | STATUS:0
[DUP ARCHIVE] BUILDING DATABASE

********************************************************************************
DATABASE:
********************************************************************************
BUILD MODE:   MYSQLDUMP
MYSQLTIMEOUT: 5000
MYSQLDUMP:    Is Supported
MYSQL DUMP ERROR 2

==================================================================================
DUPLICATOR ERROR
Please try again! If the error persists see the Duplicator 'Help' menu.
---------------------------------------------------------------------------------
MESSAGE:
	Shell mysql dump error. Change SQL Script to the "PHP Code" in the Duplicator > Settings > Packages.
DETAILS:
	mysqldump: Got error: 1045: Access denied for user 'root'@'localhost' (using password: YES) when trying to connect
/* Duplicator WordPress Timestamp: 2021-10-07 16:03:10*/
/* DUPLICATOR_MYSQLDUMP_EOF */
TRACE:
	 1. class.pack.database.php : error (572)
	 2. class.pack.database.php : mysqlDump (208)
	 3. class.pack.php : build (1247)
	 4. ctrl.package.php : runDupArchiveBuild (188)
	 5. class-wp-hook.php : duplicator_duparchive_package_build (303)
	 6. class-wp-hook.php : apply_filters (327)
	 7. plugin.php : do_action (470)
	 8. admin-ajax.php : do_action (187)
==================================================================================


==================================================================================
DUPLICATOR ERROR
Please try again! If the error persists see the Duplicator 'Help' menu.
---------------------------------------------------------------------------------
MESSAGE:
	Runtime error in DUP_Database::Build. Shell mysql dump error. Change SQL Script to the "PHP Code" in the Duplicator > Settings > Packages.
DETAILS:
	Exception: Exception: Shell mysql dump error. Change SQL Script to the "PHP Code" in the Duplicator > Settings > Packages. in /Applications/MAMP/htdocs/sgsp_/wp-content/plugins/duplicator/classes/class.logging.php:284
Stack trace:
#0 /Applications/MAMP/htdocs/sgsp_/wp-content/plugins/duplicator/classes/package/class.pack.database.php(572): DUP_Log::error('Shell mysql dum...', 'mysqldump: Got ...', 1)
#1 /Applications/MAMP/htdocs/sgsp_/wp-content/plugins/duplicator/classes/package/class.pack.database.php(208): DUP_Database->mysqlDump('/usr/local/mysq...')
#2 /Applications/MAMP/htdocs/sgsp_/wp-content/plugins/duplicator/classes/package/class.pack.php(1247): DUP_Database->build(Object(DUP_Package), 1)
#3 /Applications/MAMP/htdocs/sgsp_/wp-content/plugins/duplicator/ctrls/ctrl.package.php(188): DUP_Package->runDupArchiveBuild()
#4 /Applications/MAMP/htdocs/sgsp_/wp-includes/class-wp-hook.php(303): duplicator_duparchive_package_build('')
#5 /Applications/MAMP/htdocs/sgsp_/wp-includes/class-wp-hook.php(327): WP_Hook->apply_filters('', Array)
#6 /Applications/MAMP/htdocs/sgsp_/wp-includes/plugin.php(470): WP_Hook->do_action(Array)
#7 /Applications/MAMP/htdocs/sgsp_/wp-admin/admin-ajax.php(187): do_action('wp_ajax_duplica...')
#8 {main}
TRACE:
	 1. class.pack.database.php : error (243)
	 2. class.pack.php : build (1247)
	 3. ctrl.package.php : runDupArchiveBuild (188)
	 4. class-wp-hook.php : duplicator_duparchive_package_build (303)
	 5. class-wp-hook.php : apply_filters (327)
	 6. plugin.php : do_action (470)
	 7. admin-ajax.php : do_action (187)
==================================================================================

[CTRL DUP ARCIVE] ERROR: caught exception

==================================================================================
DUPLICATOR ERROR
Please try again! If the error persists see the Duplicator 'Help' menu.
---------------------------------------------------------------------------------
MESSAGE:
	[CTRL DUP ARCIVE]  Caught exception
DETAILS:
	Runtime error in DUP_Database::Build. Shell mysql dump error. Change SQL Script to the "PHP Code" in the Duplicator > Settings > Packages.
TRACE:
	 1. ctrl.package.php : error (192)
	 2. class-wp-hook.php : duplicator_duparchive_package_build (303)
	 3. class-wp-hook.php : apply_filters (327)
	 4. plugin.php : do_action (470)
	 5. admin-ajax.php : do_action (187)
==================================================================================

[CTRL DUP ARCIVE] ERROR: after log
[CTRL DUP ARCIVE] COMPLETED PACKAGE STATUS: -1.0
[CTRL DUP ARCIVE] ERROR

==================================================================================
DUPLICATOR ERROR
Please try again! If the error persists see the Duplicator 'Help' menu.
---------------------------------------------------------------------------------
MESSAGE:
	Build failed so sending back error
DETAILS:
	Error building DupArchive package&lt;br/&gt;
TRACE:
	 1. ctrl.package.php : error (218)
	 2. class-wp-hook.php : duplicator_duparchive_package_build (303)
	 3. class-wp-hook.php : apply_filters (327)
	 4. plugin.php : do_action (470)
	 5. admin-ajax.php : do_action (187)
==================================================================================

[CTRL DUP ARCIVE] ERROR AFTER LOG 2
[PHP ERR][WARN] MSG:count(): Parameter must be an array or an object that implements Countable [CODE:2|FILE:/Applications/MAMP/htdocs/sgsp_/wp-content/plugins/hybrid-composer/index.php|LINE:866]
DUP_Handler::shutdown, DUP_Handler::error, DUP_Handler::getMessage
